<?xml version="1.0" encoding="UTF-8" ?>
<testsuite tests="7" failures="0" name="com.simple.DaoTest.UserDaoTest" time="7.073" errors="0" skipped="0">
  <properties>
[...]
</properties>
  <testcase classname="com.simple.DaoTest.UserDaoTest" name="addUser2" time="6.821"/>
  <testcase classname="com.simple.DaoTest.UserDaoTest" name="addUser" time="0.078"/>
  <testcase classname="com.simple.DaoTest.UserDaoTest" name="updateUser" time="0.089"/>
  <testcase classname="com.simple.DaoTest.UserDaoTest" name="test" time="0.03"/>
  <testcase classname="com.simple.DaoTest.UserDaoTest" name="deleteUser" time="0.047"/>
  <testcase classname="com.simple.DaoTest.UserDaoTest" name="getUserById" time="0.004"/>
  <testcase classname="com.simple.DaoTest.UserDaoTest" name="getUserLike" time="0.004"/>
</testsuite>